TN:
SF:/Users/mind/development/code/Git/karma-learning/src/pages/UserList.vue
FNF:0
FNH:0
DA:26,1
DA:36,1
DA:46,1
DA:47,1
DA:48,1
DA:49,1
DA:52,1
LF:7
LH:7
BRF:0
BRH:0
end_of_record
TN:
SF:/Users/mind/development/code/Git/karma-learning/src/rest/index.js
FNF:0
FNH:0
DA:9,2
LF:1
LH:1
BRF:0
BRH:0
end_of_record
TN:
SF:/Users/mind/development/code/Git/karma-learning/src/plugins/rest/index.js
FN:2,(anonymous_0)
FN:3,(anonymous_1)
FN:8,install
FNF:3
FNH:2
FNDA:0,(anonymous_0)
FNDA:2,(anonymous_1)
FNDA:2,install
DA:4,2
DA:9,2
DA:10,2
DA:11,2
DA:13,8
DA:14,8
DA:15,2
DA:16,6
DA:17,0
DA:23,2
DA:24,2
LF:11
LH:10
BRDA:3,0,0,0
BRDA:9,1,0,0
BRDA:9,1,1,2
BRDA:14,2,0,2
BRDA:14,2,1,6
BRDA:16,3,0,0
BRDA:16,3,1,6
BRDA:16,4,0,6
BRDA:16,4,1,0
BRF:9
BRH:5
end_of_record
TN:
SF:/Users/mind/development/code/Git/karma-learning/src/rest/config.js
FNF:0
FNH:0
LF:0
LH:0
BRF:0
BRH:0
end_of_record
TN:
SF:/Users/mind/development/code/Git/karma-learning/src/common/ajax.js
FN:8,(anonymous_0)
FN:22,(anonymous_1)
FN:31,(anonymous_2)
FN:38,(anonymous_3)
FN:45,(anonymous_4)
FN:52,(anonymous_5)
FN:57,(anonymous_6)
FN:97,(anonymous_7)
FN:101,(anonymous_8)
FN:105,(anonymous_9)
FN:122,(anonymous_10)
FN:125,(anonymous_11)
FN:144,(anonymous_12)
FN:146,(anonymous_13)
FN:155,(anonymous_14)
FN:158,(anonymous_15)
FN:173,(anonymous_16)
FN:175,(anonymous_17)
FN:184,(anonymous_18)
FN:187,(anonymous_19)
FN:202,(anonymous_20)
FN:204,(anonymous_21)
FN:213,(anonymous_22)
FN:216,(anonymous_23)
FN:231,(anonymous_24)
FN:233,(anonymous_25)
FN:242,(anonymous_26)
FN:245,(anonymous_27)
FN:260,(anonymous_28)
FN:262,(anonymous_29)
FNF:30
FNH:8
FNDA:2,(anonymous_0)
FNDA:0,(anonymous_1)
FNDA:1,(anonymous_2)
FNDA:1,(anonymous_3)
FNDA:0,(anonymous_4)
FNDA:1,(anonymous_5)
FNDA:0,(anonymous_6)
FNDA:0,(anonymous_7)
FNDA:0,(anonymous_8)
FNDA:1,(anonymous_9)
FNDA:2,(anonymous_10)
FNDA:1,(anonymous_11)
FNDA:1,(anonymous_12)
FNDA:0,(anonymous_13)
FNDA:0,(anonymous_14)
FNDA:0,(anonymous_15)
FNDA:0,(anonymous_16)
FNDA:0,(anonymous_17)
FNDA:0,(anonymous_18)
FNDA:0,(anonymous_19)
FNDA:0,(anonymous_20)
FNDA:0,(anonymous_21)
FNDA:0,(anonymous_22)
FNDA:0,(anonymous_23)
FNDA:0,(anonymous_24)
FNDA:0,(anonymous_25)
FNDA:0,(anonymous_26)
FNDA:0,(anonymous_27)
FNDA:0,(anonymous_28)
FNDA:0,(anonymous_29)
DA:9,2
DA:10,2
DA:12,2
DA:13,2
DA:14,2
DA:15,2
DA:16,2
DA:17,2
DA:19,2
DA:20,2
DA:22,2
DA:23,0
DA:24,0
DA:28,2
DA:29,0
DA:31,2
DA:34,2
DA:37,2
DA:39,1
DA:40,1
DA:41,0
DA:43,1
DA:46,0
DA:51,2
DA:54,1
DA:55,1
DA:58,0
DA:59,0
DA:61,0
DA:62,0
DA:64,0
DA:65,0
DA:67,0
DA:68,0
DA:71,0
DA:72,0
DA:73,0
DA:75,0
DA:76,0
DA:78,0
DA:79,0
DA:80,0
DA:82,0
DA:84,0
DA:85,0
DA:87,0
DA:88,0
DA:90,0
DA:98,0
DA:102,0
DA:106,1
DA:107,0
DA:109,1
DA:110,1
DA:111,1
DA:112,1
DA:113,3
DA:114,3
DA:115,3
DA:117,1
DA:119,0
DA:123,2
DA:124,2
DA:125,2
DA:127,1
DA:129,1
DA:130,1
DA:131,1
DA:132,1
DA:134,1
DA:135,0
DA:137,1
DA:139,1
DA:140,1
DA:141,1
DA:143,1
DA:144,1
DA:145,1
DA:147,0
DA:151,2
DA:156,0
DA:157,0
DA:158,0
DA:160,0
DA:162,0
DA:163,0
DA:164,0
DA:165,0
DA:167,0
DA:168,0
DA:170,0
DA:172,0
DA:173,0
DA:174,0
DA:176,0
DA:180,0
DA:185,0
DA:186,0
DA:187,0
DA:189,0
DA:191,0
DA:192,0
DA:193,0
DA:194,0
DA:196,0
DA:197,0
DA:199,0
DA:201,0
DA:202,0
DA:203,0
DA:205,0
DA:209,0
DA:214,0
DA:215,0
DA:216,0
DA:218,0
DA:220,0
DA:221,0
DA:222,0
DA:223,0
DA:225,0
DA:226,0
DA:228,0
DA:230,0
DA:231,0
DA:232,0
DA:234,0
DA:238,0
DA:243,0
DA:244,0
DA:245,0
DA:247,0
DA:249,0
DA:250,0
DA:251,0
DA:252,0
DA:254,0
DA:255,0
DA:257,0
DA:259,0
DA:260,0
DA:261,0
DA:263,0
DA:267,0
LF:144
LH:47
BRDA:23,0,0,0
BRDA:23,0,1,0
BRDA:28,1,0,0
BRDA:28,1,1,2
BRDA:28,2,0,2
BRDA:28,2,1,0
BRDA:40,3,0,0
BRDA:40,3,1,1
BRDA:40,4,0,1
BRDA:40,4,1,0
BRDA:58,5,0,0
BRDA:58,5,1,0
BRDA:59,6,0,0
BRDA:59,6,1,0
BRDA:59,6,2,0
BRDA:59,6,3,0
BRDA:59,6,4,0
BRDA:59,6,5,0
BRDA:59,6,6,0
BRDA:71,7,0,0
BRDA:71,7,1,0
BRDA:75,8,0,0
BRDA:75,8,1,0
BRDA:106,9,0,0
BRDA:106,9,1,1
BRDA:109,10,0,1
BRDA:109,10,1,0
BRDA:113,11,0,2
BRDA:113,11,1,1
BRDA:122,12,0,2
BRDA:123,13,0,2
BRDA:123,13,1,0
BRDA:125,14,0,1
BRDA:129,15,0,1
BRDA:129,15,1,0
BRDA:130,16,0,1
BRDA:130,16,1,1
BRDA:134,17,0,0
BRDA:134,17,1,1
BRDA:140,18,0,1
BRDA:140,18,1,0
BRDA:143,19,0,1
BRDA:143,19,1,1
BRDA:155,20,0,0
BRDA:156,21,0,0
BRDA:156,21,1,0
BRDA:158,22,0,0
BRDA:162,23,0,0
BRDA:162,23,1,0
BRDA:163,24,0,0
BRDA:163,24,1,0
BRDA:167,25,0,0
BRDA:167,25,1,0
BRDA:172,26,0,0
BRDA:172,26,1,0
BRDA:184,27,0,0
BRDA:185,28,0,0
BRDA:185,28,1,0
BRDA:187,29,0,0
BRDA:191,30,0,0
BRDA:191,30,1,0
BRDA:192,31,0,0
BRDA:192,31,1,0
BRDA:196,32,0,0
BRDA:196,32,1,0
BRDA:201,33,0,0
BRDA:201,33,1,0
BRDA:213,34,0,0
BRDA:214,35,0,0
BRDA:214,35,1,0
BRDA:216,36,0,0
BRDA:220,37,0,0
BRDA:220,37,1,0
BRDA:221,38,0,0
BRDA:221,38,1,0
BRDA:225,39,0,0
BRDA:225,39,1,0
BRDA:230,40,0,0
BRDA:230,40,1,0
BRDA:242,41,0,0
BRDA:243,42,0,0
BRDA:243,42,1,0
BRDA:245,43,0,0
BRDA:249,44,0,0
BRDA:249,44,1,0
BRDA:250,45,0,0
BRDA:250,45,1,0
BRDA:254,46,0,0
BRDA:254,46,1,0
BRDA:259,47,0,0
BRDA:259,47,1,0
BRF:91
BRH:18
end_of_record
TN:
SF:/Users/mind/development/code/Git/karma-learning/src/common/cookie.js
FNF:0
FNH:0
DA:3,1
DA:4,1
DA:5,0
DA:6,0
DA:7,0
DA:8,0
DA:9,0
DA:10,0
DA:12,0
DA:15,1
LF:10
LH:3
BRDA:4,0,0,0
BRDA:4,0,1,1
BRDA:6,1,0,0
BRDA:6,1,1,0
BRDA:9,2,0,0
BRDA:9,2,1,0
BRF:6
BRH:1
end_of_record
TN:
SF:/Users/mind/development/code/Git/karma-learning/src/common/cache.js
FN:2,(anonymous_0)
FNF:1
FNH:1
FNDA:2,(anonymous_0)
DA:2,2
DA:3,2
DA:4,0
DA:6,2
DA:7,2
DA:10,2
DA:14,0
DA:37,0
DA:38,0
DA:39,0
DA:43,0
DA:44,0
DA:47,0
DA:56,0
DA:57,0
DA:60,0
DA:64,0
DA:68,0
DA:69,0
DA:73,0
LF:20
LH:5
BRDA:3,0,0,0
BRDA:3,0,1,2
BRDA:3,1,0,2
BRDA:3,1,1,2
BRDA:37,2,0,0
BRDA:37,2,1,0
BRDA:37,3,0,0
BRDA:37,3,1,0
BRDA:56,4,0,0
BRDA:56,4,1,0
BRDA:56,5,0,0
BRDA:56,5,1,0
BRDA:60,6,0,0
BRDA:60,6,1,0
BRDA:60,7,0,0
BRDA:60,7,1,0
BRDA:68,8,0,0
BRDA:68,8,1,0
BRDA:68,9,0,0
BRDA:68,9,1,0
BRF:20
BRH:3
end_of_record
TN:
SF:/Users/mind/development/code/Git/karma-learning/src/vuex/store.js
FN:35,(anonymous_0)
FNF:1
FNH:0
FNDA:0,(anonymous_0)
DA:7,2
DA:9,2
DA:22,3
DA:27,1
DA:32,1
DA:33,1
DA:34,1
DA:35,1
DA:36,0
DA:37,0
LF:10
LH:8
BRF:0
BRH:0
end_of_record
TN:
SF:/Users/mind/development/code/Git/karma-learning/src/pages/Home.vue
FNF:0
FNH:0
DA:16,0
LF:1
LH:0
BRF:0
BRH:0
end_of_record
